# JRE version: OpenJDK Runtime Environment (11.0.10) (build 11.0.10+0-b96-7249189)
# Java VM: OpenJDK 64-Bit Server VM (11.0.10+0-b96-7249189, mixed mode, tiered, compressed oops, g1 gc, windows-amd64)
Heap:
 garbage-first heap   total 505856K, used 258639K [0x0000000080000000, 0x0000000100000000)
  region size 1024K, 67 young (68608K), 12 survivors (12288K)
 Metaspace       used 142268K, capacity 146451K, committed 146856K, reserved 1177600K
  class space    used 17618K, capacity 19175K, committed 19328K, reserved 1048576K
GC Heap History (20 events):
Event: 136.398 GC heap before
{Heap before GC invocations=59 (full 0):
 garbage-first heap   total 315392K, used 253047K [0x0000000080000000, 0x0000000100000000)
  region size 1024K, 71 young (72704K), 10 survivors (10240K)
 Metaspace       used 139263K, capacity 143244K, committed 143400K, reserved 1173504K
  class space    used 17347K, capacity 18813K, committed 18944K, reserved 1048576K
}
Event: 136.406 GC heap after
{Heap after GC invocations=60 (full 0):
 garbage-first heap   total 315392K, used 196227K [0x0000000080000000, 0x0000000100000000)
  region size 1024K, 5 young (5120K), 5 survivors (5120K)
 Metaspace       used 139263K, capacity 143244K, committed 143400K, reserved 1173504K
  class space    used 17347K, capacity 18813K, committed 18944K, reserved 1048576K
}
Event: 136.448 GC heap before
{Heap before GC invocations=60 (full 0):
 garbage-first heap   total 315392K, used 205443K [0x0000000080000000, 0x0000000100000000)
  region size 1024K, 15 young (15360K), 5 survivors (5120K)
 Metaspace       used 139534K, capacity 143539K, committed 143656K, reserved 1173504K
  class space    used 17379K, capacity 18847K, committed 18944K, reserved 1048576K
}
Event: 136.457 GC heap after
{Heap after GC invocations=61 (full 0):
 garbage-first heap   total 505856K, used 192983K [0x0000000080000000, 0x0000000100000000)
  region size 1024K, 1 young (1024K), 1 survivors (1024K)
 Metaspace       used 139534K, capacity 143539K, committed 143656K, reserved 1173504K
  class space    used 17379K, capacity 18847K, committed 18944K, reserved 1048576K
}
Event: 136.966 GC heap before
{Heap before GC invocations=61 (full 0):
 garbage-first heap   total 505856K, used 315863K [0x0000000080000000, 0x0000000100000000)
  region size 1024K, 122 young (124928K), 1 survivors (1024K)
 Metaspace       used 140933K, capacity 145217K, committed 145448K, reserved 1175552K
  class space    used 17608K, capacity 19194K, committed 19200K, reserved 1048576K
}
Event: 136.973 GC heap after
{Heap after GC invocations=62 (full 0):
 garbage-first heap   total 505856K, used 195968K [0x0000000080000000, 0x0000000100000000)
  region size 1024K, 4 young (4096K), 4 survivors (4096K)
 Metaspace       used 140933K, capacity 145217K, committed 145448K, reserved 1175552K
  class space    used 17608K, capacity 19194K, committed 19200K, reserved 1048576K
}
Event: 137.291 GC heap before
{Heap before GC invocations=63 (full 0):
 garbage-first heap   total 505856K, used 328064K [0x0000000080000000, 0x0000000100000000)
  region size 1024K, 134 young (137216K), 4 survivors (4096K)
 Metaspace       used 141598K, capacity 145825K, committed 146088K, reserved 1175552K
  class space    used 17613K, capacity 19168K, committed 19328K, reserved 1048576K
}
Event: 137.294 GC heap after
{Heap after GC invocations=64 (full 0):
 garbage-first heap   total 505856K, used 195931K [0x0000000080000000, 0x0000000100000000)
  region size 1024K, 4 young (4096K), 4 survivors (4096K)
 Metaspace       used 141598K, capacity 145825K, committed 146088K, reserved 1175552K
  class space    used 17613K, capacity 19168K, committed 19328K, reserved 1048576K
}
Event: 137.419 GC heap before
{Heap before GC invocations=64 (full 0):
 garbage-first heap   total 505856K, used 339291K [0x0000000080000000, 0x0000000100000000)
  region size 1024K, 145 young (148480K), 4 survivors (4096K)
 Metaspace       used 141831K, capacity 146057K, committed 146344K, reserved 1177600K
  class space    used 17614K, capacity 19170K, committed 19328K, reserved 1048576K
}
Event: 137.423 GC heap after
{Heap after GC invocations=65 (full 0):
 garbage-first heap   total 505856K, used 197292K [0x0000000080000000, 0x0000000100000000)
  region size 1024K, 6 young (6144K), 6 survivors (6144K)
 Metaspace       used 141831K, capacity 146057K, committed 146344K, reserved 1177600K
  class space    used 17614K, capacity 19170K, committed 19328K, reserved 1048576K
}
Event: 137.628 GC heap before
{Heap before GC invocations=66 (full 0):
 garbage-first heap   total 505856K, used 349868K [0x0000000080000000, 0x0000000100000000)
  region size 1024K, 156 young (159744K), 6 survivors (6144K)
 Metaspace       used 141942K, capacity 146199K, committed 146600K, reserved 1177600K
  class space    used 17614K, capacity 19170K, committed 19328K, reserved 1048576K
}
Event: 137.633 GC heap after
{Heap after GC invocations=67 (full 0):
 garbage-first heap   total 505856K, used 198417K [0x0000000080000000, 0x0000000100000000)
  region size 1024K, 7 young (7168K), 7 survivors (7168K)
 Metaspace       used 141942K, capacity 146199K, committed 146600K, reserved 1177600K
  class space    used 17614K, capacity 19170K, committed 19328K, reserved 1048576K
}
Event: 137.795 GC heap before
{Heap before GC invocations=67 (full 0):
 garbage-first heap   total 505856K, used 382737K [0x0000000080000000, 0x0000000100000000)
  region size 1024K, 187 young (191488K), 7 survivors (7168K)
 Metaspace       used 141998K, capacity 146200K, committed 146600K, reserved 1177600K
  class space    used 17614K, capacity 19170K, committed 19328K, reserved 1048576K
}
Event: 137.803 GC heap after
{Heap after GC invocations=68 (full 0):
 garbage-first heap   total 505856K, used 200237K [0x0000000080000000, 0x0000000100000000)
  region size 1024K, 9 young (9216K), 9 survivors (9216K)
 Metaspace       used 141998K, capacity 146200K, committed 146600K, reserved 1177600K
  class space    used 17614K, capacity 19170K, committed 19328K, reserved 1048576K
}
Event: 138.016 GC heap before
{Heap before GC invocations=69 (full 0):
 garbage-first heap   total 505856K, used 391725K [0x0000000080000000, 0x0000000100000000)
  region size 1024K, 197 young (201728K), 9 survivors (9216K)
 Metaspace       used 142031K, capacity 146275K, committed 146600K, reserved 1177600K
  class space    used 17617K, capacity 19173K, committed 19328K, reserved 1048576K
}
Event: 138.024 GC heap after
{Heap after GC invocations=70 (full 0):
 garbage-first heap   total 505856K, used 200113K [0x0000000080000000, 0x0000000100000000)
  region size 1024K, 8 young (8192K), 8 survivors (8192K)
 Metaspace       used 142031K, capacity 146275K, committed 146600K, reserved 1177600K
  class space    used 17617K, capacity 19173K, committed 19328K, reserved 1048576K
}
Event: 138.180 GC heap before
{Heap before GC invocations=70 (full 0):
 garbage-first heap   total 505856K, used 409009K [0x0000000080000000, 0x0000000100000000)
  region size 1024K, 212 young (217088K), 8 survivors (8192K)
 Metaspace       used 142064K, capacity 146279K, committed 146600K, reserved 1177600K
  class space    used 17617K, capacity 19173K, committed 19328K, reserved 1048576K
}
Event: 138.190 GC heap after
{Heap after GC invocations=71 (full 0):
 garbage-first heap   total 505856K, used 201627K [0x0000000080000000, 0x0000000100000000)
  region size 1024K, 10 young (10240K), 10 survivors (10240K)
 Metaspace       used 142064K, capacity 146279K, committed 146600K, reserved 1177600K
  class space    used 17617K, capacity 19173K, committed 19328K, reserved 1048576K
}
Event: 138.451 GC heap before
{Heap before GC invocations=72 (full 0):
 garbage-first heap   total 505856K, used 411547K [0x0000000080000000, 0x0000000100000000)
  region size 1024K, 215 young (220160K), 10 survivors (10240K)
 Metaspace       used 142259K, capacity 146449K, committed 146856K, reserved 1177600K
  class space    used 17617K, capacity 19174K, committed 19328K, reserved 1048576K
}
Event: 138.457 GC heap after
{Heap after GC invocations=73 (full 0):
 garbage-first heap   total 505856K, used 200282K [0x0000000080000000, 0x0000000100000000)
  region size 1024K, 9 young (9216K), 9 survivors (9216K)
 Metaspace       used 142259K, capacity 146449K, committed 146856K, reserved 1177600K
  class space    used 17617K, capacity 19174K, committed 19328K, reserved 1048576K
}

